[www.w3schools.com/python/index.html]
[backblue.gif]
[fade.gif]
[index.html]
[cdn.snigelweb.com/adengine/w3schools.com/loader.js]
[www.w3schools.com/python/pandas/index.html]
[www.w3schools.com/python/python_ml_getting_started.html]
[www.w3schools.com/python/numpy/default.html]
[www.w3schools.com/python/pandas/default.html]
[www.w3schools.com/python/scipy/index.html]
[www.w3schools.com/python/scipy/index-2.html]
[www.w3schools.com/python/numpy/index.html]
[www.w3schools.com/python/matplotlib_intro.html]
[www.w3schools.com/python/default.html]
[www.w3schools.com/python/python_reference.html]
[www.w3schools.com/python/numpy/numpy_exercises.html]
[www.w3schools.com/python/numpy/numpy_quiz.html]
[www.w3schools.com/python/pandas/pandas_exercises.html]
[www.w3schools.com/python/pandas/pandas_quiz.html]
[www.w3schools.com/python/python_exercises.html]
[www.w3schools.com/python/scipy/scipy_quiz.html]
[www.w3schools.com/python/python_quiz.html]
[www.w3schools.com/python/scipy/scipy_exercises.html]
[www.w3schools.com/python/ref_func_input.html]
[www.w3schools.com/python/python_lists.html]
[www.w3schools.com/python/python_arrays.html]
[www.w3schools.com/python/python_numbers.html]
[www.w3schools.com/python/trypython99ba.html]
[www.w3schools.com/python/python_getstarted.html]
[www.w3schools.com/python/python_syntax.html]
[www.w3schools.com/python/python_variables.html]
[www.w3schools.com/python/python_variables_names.html]
[www.w3schools.com/python/python_server.html]
[www.w3schools.com/python/python_intro.html]
[www.w3schools.com/python/python_variables_multiple.html]
[www.w3schools.com/python/python_variables_output.html]
[www.w3schools.com/python/python_variables_global.html]
[www.w3schools.com/python/python_variables_exercises.html]
[www.w3schools.com/python/python_datatypes.html]
[www.w3schools.com/python/python_strings.html]
[www.w3schools.com/python/python_casting.html]
[www.w3schools.com/python/python_strings_slicing.html]
[www.w3schools.com/python/python_comments.html]
[www.w3schools.com/python/python_strings_concatenate.html]
[www.w3schools.com/python/python_strings_modify.html]
[www.w3schools.com/python/python_strings_format.html]
[www.w3schools.com/python/python_strings_escape.html]
[www.w3schools.com/python/python_strings_methods.html]
[www.w3schools.com/python/python_strings_exercises.html]
[www.w3schools.com/python/python_booleans.html]
[www.w3schools.com/python/python_operators.html]
[www.w3schools.com/python/python_lists_access.html]
[www.w3schools.com/python/python_lists_change.html]
[www.w3schools.com/python/python_lists_remove.html]
[www.w3schools.com/python/python_lists_add.html]
[www.w3schools.com/python/python_lists_comprehension.html]
[www.w3schools.com/python/python_lists_loop.html]
[www.w3schools.com/python/python_lists_sort.html]
[www.w3schools.com/python/python_lists_copy.html]
[www.w3schools.com/python/python_lists_join.html]
[www.w3schools.com/python/python_lists_exercises.html]
[www.w3schools.com/python/python_lists_methods.html]
[www.w3schools.com/python/python_tuples_access.html]
[www.w3schools.com/python/python_tuples_update.html]
[www.w3schools.com/python/python_tuples_loop.html]
[www.w3schools.com/python/python_tuples_join.html]
[www.w3schools.com/python/python_tuples_unpack.html]
[www.w3schools.com/python/python_tuples_methods.html]
[www.w3schools.com/python/python_sets.html]
[www.w3schools.com/python/python_tuples_exercises.html]
[www.w3schools.com/python/python_sets_remove.html]
[www.w3schools.com/python/python_sets_add.html]
[www.w3schools.com/python/python_sets_join.html]
[www.w3schools.com/python/python_sets_access.html]
[www.w3schools.com/python/python_sets_exercises.html]
[www.w3schools.com/python/python_dictionaries.html]
[www.w3schools.com/python/python_sets_methods.html]
[www.w3schools.com/python/python_dictionaries_access.html]
[www.w3schools.com/python/python_dictionaries_change.html]
[www.w3schools.com/python/python_sets_loop.html]
[www.w3schools.com/python/python_dictionaries_add.html]
[www.w3schools.com/python/python_dictionaries_remove.html]
[www.w3schools.com/python/python_dictionaries_loop.html]
[www.w3schools.com/python/python_dictionaries_copy.html]
[www.w3schools.com/python/python_dictionaries_nested.html]
[www.w3schools.com/python/python_dictionaries_exercises.html]
[www.w3schools.com/python/python_conditions.html]
[www.w3schools.com/python/python_while_loops.html]
[www.w3schools.com/python/python_for_loops.html]
[www.w3schools.com/python/python_dictionaries_methods.html]
[www.w3schools.com/python/python_functions.html]
[www.w3schools.com/python/python_tuples.html]
[www.w3schools.com/python/python_classes.html]
[www.w3schools.com/python/python_lambda.html]
[www.w3schools.com/python/python_inheritance.html]
[www.w3schools.com/python/python_iterators.html]
[www.w3schools.com/python/python_polymorphism.html]
[www.w3schools.com/python/python_modules.html]
[www.w3schools.com/python/python_datetime.html]
[www.w3schools.com/python/python_scope.html]
[www.w3schools.com/python/python_math.html]
[www.w3schools.com/python/python_json.html]
[www.w3schools.com/python/python_regex.html]
[www.w3schools.com/python/python_try_except.html]
[www.w3schools.com/python/python_user_input.html]
[www.w3schools.com/python/python_pip.html]
[www.w3schools.com/python/python_string_formatting.html]
[www.w3schools.com/python/python_file_handling.html]
[www.w3schools.com/python/python_file_open.html]
[www.w3schools.com/python/python_file_remove.html]
[www.w3schools.com/python/python_file_write.html]
[www.w3schools.com/python/matplotlib_getting_started.html]
[www.w3schools.com/python/matplotlib_pyplot.html]
[www.w3schools.com/python/matplotlib_plotting.html]
[www.w3schools.com/python/matplotlib_markers.html]
[www.w3schools.com/python/matplotlib_line.html]
[www.w3schools.com/python/matplotlib_labels.html]
[www.w3schools.com/python/matplotlib_subplot.html]
[www.w3schools.com/python/matplotlib_grid.html]
[www.w3schools.com/python/matplotlib_scatter.html]
[www.w3schools.com/python/matplotlib_bars.html]
[www.w3schools.com/python/matplotlib_histograms.html]
[www.w3schools.com/python/matplotlib_pie_charts.html]
[www.w3schools.com/python/python_ml_standard_deviation.html]
[www.w3schools.com/python/python_ml_percentile.html]
[www.w3schools.com/python/python_ml_mean_median_mode.html]
[www.w3schools.com/python/python_ml_data_distribution.html]
[www.w3schools.com/python/python_ml_normal_data_distribution.html]
[www.w3schools.com/python/python_ml_linear_regression.html]
[www.w3schools.com/python/python_ml_scatterplot.html]
[www.w3schools.com/python/python_ml_multiple_regression.html]
[www.w3schools.com/python/python_ml_scale.html]
[www.w3schools.com/python/python_ml_train_test.html]
[www.w3schools.com/python/python_ml_decision_tree.html]
[www.w3schools.com/python/python_ml_confusion_matrix.html]
[www.w3schools.com/python/python_ml_hierarchial_clustering.html]
[www.w3schools.com/python/python_ml_logistic_regression.html]
[www.w3schools.com/python/python_ml_grid_search.html]
[www.w3schools.com/python/python_ml_preprocessing.html]
[www.w3schools.com/python/python_ml_k-means.html]
[www.w3schools.com/python/python_ml_bagging.html]
[www.w3schools.com/python/python_ml_cross_validation.html]
[www.w3schools.com/python/python_ml_auc_roc.html]
[www.w3schools.com/python/python_mysql_getstarted.html]
[www.w3schools.com/python/python_mysql_create_db.html]
[www.w3schools.com/python/python_mysql_create_table.html]
[www.w3schools.com/python/python_ml_knn.html]
[www.w3schools.com/python/python_mysql_insert.html]
[www.w3schools.com/python/python_mysql_select.html]
[www.w3schools.com/python/python_mysql_where.html]
[www.w3schools.com/python/python_mysql_orderby.html]
[www.w3schools.com/python/python_mysql_delete.html]
[www.w3schools.com/python/python_mysql_drop_table.html]
[www.w3schools.com/python/python_mysql_update.html]
[www.w3schools.com/python/python_mysql_join.html]
[www.w3schools.com/python/python_mysql_limit.html]
[www.w3schools.com/python/python_mongodb_getstarted.html]
[www.w3schools.com/python/python_mongodb_create_db.html]
[www.w3schools.com/python/python_ml_polynomial_regression.html]
[www.w3schools.com/python/python_mongodb_create_collection.html]
[www.w3schools.com/python/python_mongodb_find.html]
[www.w3schools.com/python/python_mongodb_sort.html]
[www.w3schools.com/python/python_mongodb_query.html]
[www.w3schools.com/python/python_mongodb_insert.html]
[www.w3schools.com/python/python_mongodb_drop_collection.html]
[www.w3schools.com/python/python_mongodb_limit.html]
[www.w3schools.com/python/python_mongodb_update.html]
[www.w3schools.com/python/python_ref_functions.html]
[www.w3schools.com/python/python_ref_list.html]
[www.w3schools.com/python/python_ref_string.html]
[www.w3schools.com/python/python_ref_dictionary.html]
[www.w3schools.com/python/python_ref_tuple.html]
[www.w3schools.com/python/python_ref_set.html]
[www.w3schools.com/python/python_ref_file.html]
[www.w3schools.com/python/python_ref_exceptions.html]
[www.w3schools.com/python/python_ref_keywords.html]
[www.w3schools.com/python/module_requests.html]
[www.w3schools.com/python/module_random.html]
[www.w3schools.com/python/python_ref_glossary.html]
[www.w3schools.com/python/module_statistics.html]
[www.w3schools.com/python/module_math.html]
[www.w3schools.com/python/python_howto_remove_duplicates.html]
[www.w3schools.com/python/module_cmath.html]
[www.w3schools.com/python/python_howto_reverse_string.html]
[www.w3schools.com/python/python_howto_add_two_numbers.html]
[www.w3schools.com/python/python_examples.html]
[www.w3schools.com/python/python_compiler.html]
[www.w3schools.com/python/python_mongodb_delete.html]
[www.w3schools.com/python/python_interview_questions.html]
[www.w3schools.com/python/python_bootcamp.html]
[www.w3schools.com/python/python_exam.html]
[www.w3schools.com/python/xrcise_variables.js]
[www.w3schools.com/python/index.html]
[www.googletagmanager.com/gtm5445.html]
[www.w3schools.com/python/python/index.html]
[www.w3schools.com/python/numpy/numpy_intro.html]
[www.w3schools.com/python/numpy/numpy_getting_started.html]
[www.w3schools.com/python/numpy/numpy_array_indexing.html]
[www.w3schools.com/python/numpy/numpy_creating_arrays.html]
[www.w3schools.com/python/numpy/numpy_array_slicing.html]
[www.w3schools.com/python/numpy/numpy_data_types.html]
[www.w3schools.com/python/numpy/numpy_array_shape.html]
[www.w3schools.com/python/numpy/numpy_array_reshape.html]
[www.w3schools.com/python/numpy/numpy_copy_vs_view.html]
[www.w3schools.com/python/numpy/numpy_array_iterating.html]
[www.w3schools.com/python/numpy/numpy_array_join.html]
[www.w3schools.com/python/numpy/numpy_array_split.html]
[www.w3schools.com/python/numpy/numpy_array_search.html]
[www.w3schools.com/python/numpy/numpy_array_sort.html]
[www.w3schools.com/python/numpy/numpy_array_filter.html]
[www.w3schools.com/python/numpy/numpy_random.html]
[www.w3schools.com/python/numpy/numpy_random_distribution.html]
[www.w3schools.com/python/numpy/numpy_random_seaborn.html]
[www.w3schools.com/python/numpy/numpy_random_permutation.html]
[www.w3schools.com/python/numpy/numpy_random_normal.html]
[www.w3schools.com/python/numpy/numpy_random_binomial.html]
[www.w3schools.com/python/numpy/numpy_random_poisson.html]
[www.w3schools.com/python/numpy/numpy_random_multinomial.html]
[www.w3schools.com/python/numpy/numpy_random_logistic.html]
[www.w3schools.com/python/numpy/numpy_random_uniform.html]
[www.w3schools.com/python/numpy/numpy_random_exponential.html]
[www.w3schools.com/python/numpy/numpy_random_chisquare.html]
[www.w3schools.com/python/numpy/numpy_random_rayleigh.html]
[www.w3schools.com/python/numpy/numpy_random_pareto.html]
[www.w3schools.com/python/numpy/numpy_ufunc.html]
[www.w3schools.com/python/numpy/numpy_ufunc_create_function.html]
[www.w3schools.com/python/numpy/numpy_random_zipf.html]
[www.w3schools.com/python/numpy/numpy_ufunc_simple_arithmetic.html]
[www.w3schools.com/python/numpy/numpy_ufunc_rounding_decimals.html]
[www.w3schools.com/python/numpy/numpy_ufunc_summations.html]
[www.w3schools.com/python/numpy/numpy_ufunc_products.html]
[www.w3schools.com/python/numpy/numpy_ufunc_differences.html]
[www.w3schools.com/python/numpy/numpy_ufunc_logs.html]
[www.w3schools.com/python/numpy/numpy_ufunc_lcm.html]
[www.w3schools.com/python/numpy/numpy_ufunc_trigonometric.html]
[www.w3schools.com/python/numpy/numpy_ufunc_hyperbolic.html]
[www.w3schools.com/python/numpy/numpy_ufunc_gcd.html]
[www.w3schools.com/python/numpy/numpy_compiler.html]
[www.w3schools.com/python/numpy/trypython6919.html]
[www.w3schools.com/python/numpy/xrcise_intro.js]
[www.w3schools.com/python/numpy/numpy_ufunc_set_operations.html]
[www.w3schools.com/python/numpy/index.html]
[www.w3schools.com/python/numpy/numpy_exam.html]
[www.w3schools.com/python/pandas/pandas_intro.html]
[www.w3schools.com/python/pandas/pandas_series.html]
[www.w3schools.com/python/pandas/pandas_getting_started.html]
[www.w3schools.com/python/pandas/pandas_dataframes.html]
[www.w3schools.com/python/pandas/pandas_csv.html]
[www.w3schools.com/python/pandas/pandas_json.html]
[www.w3schools.com/python/pandas/pandas_analyzing.html]
[www.w3schools.com/python/pandas/pandas_cleaning.html]
[www.w3schools.com/python/pandas/pandas_cleaning_empty_cells.html]
[www.w3schools.com/python/pandas/pandas_cleaning_wrong_format.html]
[www.w3schools.com/python/pandas/pandas_cleaning_duplicates.html]
[www.w3schools.com/python/pandas/pandas_cleaning_wrong_data.html]
[www.w3schools.com/python/pandas/pandas_compiler.html]
[www.w3schools.com/python/pandas/pandas_plotting.html]
[www.w3schools.com/python/pandas/pandas_exam.html]
[www.w3schools.com/python/pandas/xrcise_intro.js]
[www.w3schools.com/python/pandas/trypandas4cd0.html]
[www.w3schools.com/python/pandas/index.html]
[www.w3schools.com/python/scipy/scipy_getting_started.html]
[www.w3schools.com/python/scipy/scipy_constants.html]
[www.w3schools.com/python/scipy/scipy_intro.html]
[www.w3schools.com/python/scipy/scipy_optimizers.html]
[www.w3schools.com/python/scipy/scipy_sparse_data.html]
[www.w3schools.com/python/pandas/pandas_ref_dataframe.html]
[www.w3schools.com/python/scipy/scipy_graphs.html]
[www.w3schools.com/python/scipy/scipy_spatial_data.html]
[www.w3schools.com/python/scipy/scipy_interpolation.html]
[www.w3schools.com/python/scipy/scipy_matlab_arrays.html]
[www.w3schools.com/python/scipy/scipy_statistical_significance_tests.html]
[www.w3schools.com/python/scipy/trypython81b2.html]
[www.w3schools.com/python/scipy/xrcise_graphs.js]
[www.w3schools.com/python/scipy/scipy_exam.html]
[www.w3schools.com/python/scipy/scipy_compiler.html]
[www.w3schools.com/python/scipy/index.html]
[www.w3schools.com/python/w3.html]
[www.w3schools.com/python/python_ml_getting_started.html]
[www.w3schools.com/python/numpy/default.html]
[www.w3schools.com/python/pandas/default.html]
[www.w3schools.com/python/scipy/index-2.html]
[www.w3schools.com/python/pandas/pandas_correlations.html]
[www.w3schools.com/python/matplotlib_intro.html]
[www.w3schools.com/python/w3-2.html]
[www.w3schools.com/python/default.html]
[www.w3schools.com/python/python_reference.html]
[www.w3schools.com/python/node.html]
[www.w3schools.com/python/numpy/exercisea655.html]
[www.w3schools.com/python/numpy/exercisea6f9.html]
[www.w3schools.com/python/numpy/exercisead88.html]
[www.w3schools.com/python/numpy/exercise0e46.html]
[www.w3schools.com/python/numpy/exercise13b9.html]
[www.w3schools.com/python/numpy/exercise5429.html]
[www.w3schools.com/python/numpy/exercisee692.html]
[www.w3schools.com/python/numpy/exercise3e1c.html]
[www.w3schools.com/python/numpy/exercisec135.html]
[www.w3schools.com/python/numpy/exercise0680.html]
[www.w3schools.com/python/numpy/exercised9f8.html]
[www.w3schools.com/python/numpy/exercisec519.html]
[www.w3schools.com/python/numpy/exercisef348.html]
[www.w3schools.com/python/numpy/exercise41fb.html]
[www.w3schools.com/python/numpy/exercise3a60.html]
[www.w3schools.com/python/numpy/exercise1c18.html]
[www.w3schools.com/python/numpy/exercise91e2.html]
[www.w3schools.com/python/numpy/exercisec33c.html]
[www.w3schools.com/python/numpy/exercisecc2c.html]
[www.w3schools.com/python/numpy/exercise7f37.html]
[www.w3schools.com/python/numpy/exercise6ced.html]
[www.w3schools.com/python/numpy/exercise1028.html]
[www.w3schools.com/python/numpy/exercise1e42.html]
[www.w3schools.com/python/numpy/exercised62c.html]
[www.w3schools.com/python/numpy/exercisea234.html]
[www.w3schools.com/python/numpy/exercisecc27.html]
[www.w3schools.com/python/numpy/exercise0404.html]
[www.w3schools.com/python/numpy/exercise8a9d.html]
[www.w3schools.com/python/numpy/exercise3b81.html]
[www.w3schools.com/python/numpy/exercisee24d.html]
[www.w3schools.com/python/numpy/exercise5fdd.html]
[www.w3schools.com/python/numpy/exercise7829.html]
[www.w3schools.com/python/numpy/exercise5f60.html]
[www.w3schools.com/python/numpy/exercisea361.html]
[www.w3schools.com/python/numpy/exerciseed54.html]
[www.w3schools.com/python/numpy/exercise7a26.html]
[www.w3schools.com/python/numpy/exercise6967.html]
[www.w3schools.com/python/numpy/exercise9b34.html]
[www.w3schools.com/python/numpy/exercisec503.html]
[www.w3schools.com/python/numpy/exercise7e4c.html]
[www.w3schools.com/python/numpy/exercise0e4f.html]
[www.w3schools.com/python/numpy/numpy_exercises.html]
[www.w3schools.com/python/numpy/numpy_quiz.html]
[www.w3schools.com/python/pandas/exercisea655.html]
[www.w3schools.com/python/pandas/exercisef977.html]
[www.w3schools.com/python/pandas/exercisedf29.html]
[www.w3schools.com/python/pandas/exercisef593.html]
[www.w3schools.com/python/pandas/exercisee8af.html]
[www.w3schools.com/python/pandas/exercise164a.html]
[www.w3schools.com/python/pandas/exercise2492.html]
[www.w3schools.com/python/pandas/exercisebd34.html]
[www.w3schools.com/python/pandas/exercise3202.html]
[www.w3schools.com/python/pandas/exercise7e9d.html]
[www.w3schools.com/python/pandas/exercise168a.html]
[www.w3schools.com/python/pandas/exercisee6bc.html]
[www.w3schools.com/python/pandas/exercise988e.html]
[www.w3schools.com/python/pandas/pandas_exercises.html]
[www.w3schools.com/python/pandas/pandas_quiz.html]
[www.w3schools.com/python/scipy/exercisef977.html]
[www.w3schools.com/python/scipy/exercise4de8.html]
[www.w3schools.com/python/scipy/exercise81fe.html]
[www.w3schools.com/python/scipy/exercise2674.html]
[www.w3schools.com/python/scipy/exerciseeacf.html]
[www.w3schools.com/python/scipy/exercise5c64.html]
[www.w3schools.com/python/scipy/exercise83b4.html]
[www.w3schools.com/python/scipy/exercise2937.html]
[www.w3schools.com/python/scipy/exercise9292.html]
[www.w3schools.com/python/scipy/scipy_exercises.html]
[www.w3schools.com/python/scipy/scipy_quiz.html]
[www.w3schools.com/python/exercise5f1e.html]
[www.w3schools.com/python/exercise3f86.html]
[www.w3schools.com/python/exercise461a.html]
[www.w3schools.com/python/exercisedb8b.html]
[www.w3schools.com/python/exerciseab94.html]
[www.w3schools.com/python/exercisec618.html]
[www.w3schools.com/python/exercisec99e.html]
[www.w3schools.com/python/exercise4f72.html]
[www.w3schools.com/python/exercise98e6.html]
[www.w3schools.com/python/exercise7202.html]
[www.w3schools.com/python/exercisebef9.html]
[www.w3schools.com/python/exercise6638.html]
[www.w3schools.com/python/exercise6d3d.html]
[www.w3schools.com/python/exercise6968.html]
[www.w3schools.com/python/exercise557b.html]
[www.w3schools.com/python/exercise6c9e.html]
[www.w3schools.com/python/exercise1dfb.html]
[www.w3schools.com/python/exercise5a3a.html]
[www.w3schools.com/python/exercise270b.html]
[www.w3schools.com/python/exercise4333.html]
[www.w3schools.com/python/exercise480d.html]
[www.w3schools.com/python/exercise42b8.html]
[www.w3schools.com/python/exercise8ca1.html]
[www.w3schools.com/python/exercisecc18.html]
[www.w3schools.com/python/exercised7a4.html]
[www.w3schools.com/python/exercisea176.html]
[www.w3schools.com/python/exercise53fb.html]
[www.w3schools.com/python/exercise0a04.html]
[www.w3schools.com/python/exercise5513.html]
[www.w3schools.com/python/exerciseb3f6.html]
[www.w3schools.com/python/exercisec6f5.html]
[www.w3schools.com/python/exercise991c.html]
[www.w3schools.com/python/exercisec037.html]
[www.w3schools.com/python/exercise746a.html]
[www.w3schools.com/python/exercise2fb6.html]
[www.w3schools.com/python/exercise5a8d.html]
[www.w3schools.com/python/exercisef61b.html]
[www.w3schools.com/python/exercisefc27.html]
[www.w3schools.com/python/exercise354a.html]
[www.w3schools.com/python/exerciseed1a.html]
[www.w3schools.com/python/exercise888f.html]
[www.w3schools.com/python/exercise29b4.html]
[www.w3schools.com/python/exercise84f1.html]
[www.w3schools.com/python/exercise4fa6.html]
[www.w3schools.com/python/exercise9ac2.html]
[www.w3schools.com/python/exercise4dbf.html]
[www.w3schools.com/python/exercisec84c.html]
[www.w3schools.com/python/exercise0b9f.html]
[www.w3schools.com/python/exercise5cb1.html]
[www.w3schools.com/python/exercisee788.html]
[www.w3schools.com/python/exercise8ece.html]
[www.w3schools.com/python/exercisee912.html]
[www.w3schools.com/python/exercise1c17.html]
[www.w3schools.com/python/exercisedf7b.html]
[www.w3schools.com/python/exercise1add.html]
[www.w3schools.com/python/exercise7390.html]
[www.w3schools.com/python/exercise66c7.html]
[www.w3schools.com/python/exercise945a.html]
[www.w3schools.com/python/exercise0a38.html]
[www.w3schools.com/python/exercise725e.html]
[www.w3schools.com/python/exercise0253.html]
[www.w3schools.com/python/exercise76eb.html]
[www.w3schools.com/python/exercise164a.html]
[www.w3schools.com/python/exercisecdd8.html]
[www.w3schools.com/python/exercise9e29.html]
[www.w3schools.com/python/exerciseb3f5.html]
[www.w3schools.com/python/exercised108.html]
[www.w3schools.com/python/exercise71ab.html]
[www.w3schools.com/python/exercise85fd.html]
[www.w3schools.com/python/exercisef14b.html]
[www.w3schools.com/python/python_exercises.html]
[www.w3schools.com/python/exercise37ad.html]
[www.w3schools.com/python/python_quiz.html]
[www.w3schools.com/python/trypythonbc13.html]
[www.w3schools.com/python/trypythonb847.html]
[www.w3schools.com/python/trypythondb80.html]
[www.w3schools.com/python/trypythonf0ed.html]
[www.w3schools.com/python/trypythonf33e.html]
[www.w3schools.com/python/trypython1f08.html]
[www.w3schools.com/python/trypythonc8c0.html]
[www.w3schools.com/python/xrcise_lists.js]
[www.w3schools.com/python/python_lists.html]
[www.w3schools.com/python/trypython29dd.html]
[www.w3schools.com/python/trypython3430.html]
[www.w3schools.com/python/trypython15ea.html]
[www.w3schools.com/python/trypython7fc3.html]
[www.w3schools.com/python/trypythonf55c.html]
[www.w3schools.com/python/trypythonb7f4.html]
[www.w3schools.com/python/trypythonb316.html]
[www.w3schools.com/python/trypythond705.html]
[www.w3schools.com/python/ref_list_append.html]
[www.w3schools.com/python/ref_list_clear.html]
[www.w3schools.com/python/ref_list_copy.html]
[www.w3schools.com/python/ref_list_count.html]
[www.w3schools.com/python/ref_list_extend.html]
[www.w3schools.com/python/ref_list_index.html]
[www.w3schools.com/python/ref_list_insert.html]
[www.w3schools.com/python/ref_list_pop.html]
[www.w3schools.com/python/ref_list_remove.html]
[www.w3schools.com/python/ref_list_reverse.html]
[www.w3schools.com/python/ref_list_sort.html]
[www.w3schools.com/python/xrcise_arrays.js]
[www.w3schools.com/python/python_arrays.html]
[www.w3schools.com/python/showpython7a3b.html]
[www.w3schools.com/python/showpython9c41.html]
[www.w3schools.com/python/ref_func_input.html]
[www.w3schools.com/python/trypython592b.html]
[www.w3schools.com/python/trypythonb028.html]
[www.w3schools.com/python/trypythonafcd.html]
[www.w3schools.com/python/trypython8d0c.html]
[www.w3schools.com/python/trypythone110.html]
[www.w3schools.com/python/trypythond887.html]
[www.w3schools.com/python/trypythonc489.html]
[www.w3schools.com/python/xrcise_numbers.js]
[www.w3schools.com/python/python_numbers.html]
[cdnjs.cloudflare.com/ajax/libs/font-awesome/4.7.0/css/font-awesome.min.css]
[www.w3schools.com/python/python_server.html]
[www.w3schools.com/python/trypython99ba.html]
[www.w3schools.com/python/images/yt_logo_rgb_dark.png]
[www.w3schools.com/python/python_intro.html]
[www.w3schools.com/python/images/img_python_introduction.png]
[www.w3schools.com/python/trypython4c57.html]
[www.w3schools.com/python/trypython2206.html]
[www.w3schools.com/python/xrcise_getstarted.js]
[www.w3schools.com/python/python_getstarted.html]
[www.w3schools.com/python/images/img_python_getstarted.png]
[www.w3schools.com/python/trypythone165.html]
[www.w3schools.com/python/trypython0e99.html]
[www.w3schools.com/python/trypythona805.html]
[www.w3schools.com/python/trypython6b91.html]
[www.w3schools.com/python/trypythondbf2.html]
[www.w3schools.com/python/trypythoncab7.html]
[www.w3schools.com/python/xrcise_syntax.js]
[www.w3schools.com/python/python_syntax.html]
[www.w3schools.com/python/images/img_python_syntax.png]
[www.w3schools.com/python/trypython7048.html]
[www.w3schools.com/python/trypython0973.html]
[www.w3schools.com/python/trypython41d8.html]
[www.w3schools.com/python/trypython8f33.html]
[www.w3schools.com/python/trypythonf47e.html]
[www.w3schools.com/python/xrcise_comments.js]
[www.w3schools.com/python/python_comments.html]
[www.w3schools.com/python/images/img_python_comments.png]
[www.w3schools.com/python/trypython34f4.html]
[www.w3schools.com/python/trypython27d8.html]
[www.w3schools.com/python/trypython4f76.html]
[www.w3schools.com/python/trypythone852.html]
[www.w3schools.com/python/trypythona431.html]
[www.w3schools.com/python/trypython0db2.html]
[www.w3schools.com/python/python_variables.html]
[www.w3schools.com/python/images/img_python_variables.png]
[www.w3schools.com/python/trypython02c8.html]
[www.w3schools.com/python/trypython1782.html]
[www.w3schools.com/python/xrcise_variables_names.js]
[www.w3schools.com/python/python_variables_names.html]
[www.w3schools.com/python/images/img_python_variable_names.png]
[www.w3schools.com/python/trypython9e15.html]
[www.w3schools.com/python/trypython81fe.html]
[www.w3schools.com/python/trypython8e22.html]
[www.w3schools.com/python/xrcise_variables_multiple.js]
[www.w3schools.com/python/python_variables_multiple.html]
[www.w3schools.com/python/images/img_python_variables_multiple_values.png]
[www.w3schools.com/python/trypythoncd64.html]
[www.w3schools.com/python/trypython6311.html]
[www.w3schools.com/python/trypython86da.html]
[www.w3schools.com/python/trypythonf80d.html]
[www.w3schools.com/python/trypython29ec.html]
[www.w3schools.com/python/trypythoneb88.html]
[www.w3schools.com/python/xrcise_variables_output.js]
[www.w3schools.com/python/python_variables_output.html]
[www.w3schools.com/python/images/img_python_variables_output.png]
[www.w3schools.com/python/trypythonab1b.html]
[www.w3schools.com/python/trypythond4f1.html]
[www.w3schools.com/python/trypython4877.html]
[www.w3schools.com/python/trypythoncaab.html]
[www.w3schools.com/python/xrcise_variables_global.js]
[www.w3schools.com/python/python_variables_global.html]
[www.w3schools.com/python/python_variables_exercises.html]
[www.w3schools.com/python/images/img_python_variables_global.png]
[www.w3schools.com/python/trypythonf84f.html]
[www.w3schools.com/python/trypythona162.html]
[www.w3schools.com/python/trypythone374.html]
[www.w3schools.com/python/trypython0f78.html]
[www.w3schools.com/python/trypython3acb.html]
[www.w3schools.com/python/trypythona4a6.html]
[www.w3schools.com/python/trypython6e23.html]
[www.w3schools.com/python/trypython8eb6.html]
[www.w3schools.com/python/trypython46fe.html]
[www.w3schools.com/python/trypython7754.html]
[www.w3schools.com/python/trypython9733.html]
[www.w3schools.com/python/trypythonf8a1.html]
[www.w3schools.com/python/trypython9078.html]
[www.w3schools.com/python/trypython6f86.html]
[www.w3schools.com/python/trypython535a.html]
[www.w3schools.com/python/trypythonb9fe.html]
[www.w3schools.com/python/trypython9ca8.html]
[www.w3schools.com/python/trypython1874.html]
[www.w3schools.com/python/trypython7114.html]
[www.w3schools.com/python/trypython47c9.html]
[www.w3schools.com/python/trypython0f18.html]
[www.w3schools.com/python/trypython859e.html]
[www.w3schools.com/python/trypythonb0b3.html]
[www.w3schools.com/python/trypython43c0.html]
[www.w3schools.com/python/trypython741f.html]
[www.w3schools.com/python/trypython85a9.html]
[www.w3schools.com/python/trypythonea0a.html]
[www.w3schools.com/python/trypython6ff2.html]
[www.w3schools.com/python/trypython5aa5.html]
[www.w3schools.com/python/trypython5c53.html]
[www.w3schools.com/python/xrcise_datatypes.js]
[www.w3schools.com/python/python_datatypes.html]
[www.w3schools.com/python/trypython7f0c.html]
[www.w3schools.com/python/trypython5b28.html]
[www.w3schools.com/python/trypython3a02.html]
[www.w3schools.com/python/xrcise_casting.js]
[www.w3schools.com/python/python_casting.html]
[www.w3schools.com/python/trypython067a.html]
[www.w3schools.com/python/trypython33fb.html]
[www.w3schools.com/python/trypython145b.html]
[www.w3schools.com/python/trypython1194.html]
[www.w3schools.com/python/trypythonef0f.html]
[www.w3schools.com/python/trypythona4ea.html]
[www.w3schools.com/python/trypython81a2.html]
[www.w3schools.com/python/trypythond75c.html]
[www.w3schools.com/python/trypython520c.html]
[www.w3schools.com/python/trypython0516.html]
[www.w3schools.com/python/trypythone510.html]
[www.w3schools.com/python/trypython0b2e.html]
[www.w3schools.com/python/xrcise_strings.js]
[www.w3schools.com/python/python_strings.html]
[www.w3schools.com/python/trypythone145.html]
[www.w3schools.com/python/trypython79ef.html]
[www.w3schools.com/python/trypythondbb0.html]
[www.w3schools.com/python/trypython10ce.html]
[www.w3schools.com/python/xrcise_strings_slicing.js]
[www.w3schools.com/python/python_strings_slicing.html]
[www.w3schools.com/python/trypython61d6.html]
[www.w3schools.com/python/trypython72a4.html]
[www.w3schools.com/python/trypython67ea.html]
[www.w3schools.com/python/trypython3c89.html]
[www.w3schools.com/python/trypythonaf5d.html]
[www.w3schools.com/python/xrcise_strings_modify.js]
[www.w3schools.com/python/python_strings_modify.html]
[www.w3schools.com/python/trypython0a03.html]
[www.w3schools.com/python/trypython8347.html]
[www.w3schools.com/python/xrcise_strings_concatenate.js]
[www.w3schools.com/python/python_strings_concatenate.html]
[www.w3schools.com/python/trypython1c07.html]
[www.w3schools.com/python/trypython0cb6.html]
[www.w3schools.com/python/trypython2ade.html]
[www.w3schools.com/python/trypythonc87f.html]
[www.w3schools.com/python/trypython989c.html]
[www.w3schools.com/python/xrcise_strings_format.js]
[www.w3schools.com/python/python_strings_format.html]
[www.w3schools.com/python/trypython394b.html]
[www.w3schools.com/python/trypython48b1.html]
[www.w3schools.com/python/trypython87f5.html]
[www.w3schools.com/python/trypython92dd.html]
[www.w3schools.com/python/trypythonb4c1.html]
[www.w3schools.com/python/trypythonf1d1.html]
[www.w3schools.com/python/trypythone88d.html]
[www.w3schools.com/python/showpythonb813.html]
[www.w3schools.com/python/trypythoncca0.html]
[www.w3schools.com/python/trypythonae54.html]
[www.w3schools.com/python/python_strings_escape.html]
[www.w3schools.com/python/ref_string_capitalize.html]
[www.w3schools.com/python/ref_string_center.html]
[www.w3schools.com/python/ref_string_casefold.html]
[www.w3schools.com/python/ref_string_count.html]
[www.w3schools.com/python/ref_string_encode.html]
[www.w3schools.com/python/ref_string_endswith.html]
[www.w3schools.com/python/ref_string_expandtabs.html]
[www.w3schools.com/python/ref_string_find.html]
[www.w3schools.com/python/ref_string_format.html]
[www.w3schools.com/python/ref_string_index.html]
[www.w3schools.com/python/ref_string_isalnum.html]
[www.w3schools.com/python/ref_string_isalpha.html]
[www.w3schools.com/python/ref_string_isascii.html]
[www.w3schools.com/python/ref_string_isdecimal.html]
[www.w3schools.com/python/ref_string_isdigit.html]
[www.w3schools.com/python/ref_string_isidentifier.html]
[www.w3schools.com/python/ref_string_isnumeric.html]
[www.w3schools.com/python/ref_string_islower.html]
[www.w3schools.com/python/ref_string_isprintable.html]
[www.w3schools.com/python/ref_string_isspace.html]
[www.w3schools.com/python/ref_string_istitle.html]
[www.w3schools.com/python/ref_string_join.html]
[www.w3schools.com/python/ref_string_isupper.html]
[www.w3schools.com/python/ref_string_ljust.html]
[www.w3schools.com/python/ref_string_lower.html]
[www.w3schools.com/python/ref_string_lstrip.html]
[www.w3schools.com/python/ref_string_maketrans.html]
[www.w3schools.com/python/ref_string_partition.html]
[www.w3schools.com/python/ref_string_replace.html]
[www.w3schools.com/python/ref_string_rfind.html]
[www.w3schools.com/python/ref_string_rindex.html]
[www.w3schools.com/python/ref_string_rjust.html]
[www.w3schools.com/python/ref_string_rpartition.html]
[www.w3schools.com/python/ref_string_rsplit.html]
[www.w3schools.com/python/ref_string_rstrip.html]
[www.w3schools.com/python/ref_string_split.html]
[www.w3schools.com/python/ref_string_strip.html]
[www.w3schools.com/python/ref_string_splitlines.html]
[www.w3schools.com/python/ref_string_startswith.html]
[www.w3schools.com/python/ref_string_swapcase.html]
[www.w3schools.com/python/ref_string_translate.html]
[www.w3schools.com/python/ref_string_title.html]
[www.w3schools.com/python/ref_string_upper.html]
[www.w3schools.com/python/python_strings_methods.html]
[www.w3schools.com/python/ref_string_zfill.html]
[www.w3schools.com/python/python_strings_exercises.html]
[www.w3schools.com/python/trypythond956.html]
[www.w3schools.com/python/trypython7584.html]
[www.w3schools.com/python/trypython73ae.html]
[www.w3schools.com/python/trypython2697.html]
[www.w3schools.com/python/trypythonca31.html]
[www.w3schools.com/python/trypython269e.html]
[www.w3schools.com/python/trypython88ee.html]
[www.w3schools.com/python/trypython43fd.html]
[www.w3schools.com/python/trypython780b.html]
[www.w3schools.com/python/trypython5960.html]
[www.w3schools.com/python/xrcise_booleans.js]
[www.w3schools.com/python/python_booleans.html]
[www.w3schools.com/python/trypython0158.html]
[www.w3schools.com/python/trypython8646.html]
[www.w3schools.com/python/trypython74ef.html]
[www.w3schools.com/python/trypythonb2b5.html]
[www.w3schools.com/python/trypythonf7c5.html]
[www.w3schools.com/python/trypython5722.html]
[www.w3schools.com/python/trypythond720.html]
[www.w3schools.com/python/trypython57d1.html]
[www.w3schools.com/python/trypython90ce.html]
[www.w3schools.com/python/trypythondc88.html]
[www.w3schools.com/python/trypython3505.html]
[www.w3schools.com/python/trypython4548.html]
[www.w3schools.com/python/trypython8cf3.html]
[www.w3schools.com/python/trypythonc771.html]
[www.w3schools.com/python/trypythonea12.html]
[www.w3schools.com/python/trypython011d.html]
[www.w3schools.com/python/trypython927e.html]
[www.w3schools.com/python/trypythonf864.html]
[www.w3schools.com/python/trypythonee40.html]
[www.w3schools.com/python/trypythonc556.html]
[www.w3schools.com/python/trypythonf573.html]
[www.w3schools.com/python/trypythondbc7.html]
[www.w3schools.com/python/trypythonc417.html]
[www.w3schools.com/python/trypythona9f1.html]
[www.w3schools.com/python/trypythonce20.html]
[www.w3schools.com/python/trypython302b.html]
[www.w3schools.com/python/trypython54aa.html]
[www.w3schools.com/python/trypython46c6.html]
[www.w3schools.com/python/trypythonf4ad.html]
[www.w3schools.com/python/trypythoncbf1.html]
[www.w3schools.com/python/trypythonfeae.html]
[www.w3schools.com/python/trypythonf813.html]
[www.w3schools.com/python/trypythona4e4.html]
[www.w3schools.com/python/trypython541b.html]
[www.w3schools.com/python/trypython7f66.html]
[www.w3schools.com/python/trypythonc5a5.html]
[www.w3schools.com/python/trypythonafa8.html]
[www.w3schools.com/python/trypython5dda.html]
[www.w3schools.com/python/trypython5e48.html]
[www.w3schools.com/python/trypython5135.html]
[www.w3schools.com/python/trypython9be4.html]
[www.w3schools.com/python/trypythonfb32.html]
[www.w3schools.com/python/trypythonee64.html]
[www.w3schools.com/python/trypythonaf2e.html]
[www.w3schools.com/python/trypythonad99.html]
[www.w3schools.com/python/trypythonfbae.html]
[www.w3schools.com/python/trypython6d07.html]
[www.w3schools.com/python/trypython8587.html]
[www.w3schools.com/python/trypythone0e0.html]
[www.w3schools.com/python/trypython572b.html]
[www.w3schools.com/python/trypython4a81.html]
[www.w3schools.com/python/trypythonacc0.html]
[www.w3schools.com/python/trypython0244.html]
[www.w3schools.com/python/trypython55b5.html]
[www.w3schools.com/python/trypythonba36.html]
[www.w3schools.com/python/xrcise_operators.js]
[www.w3schools.com/python/python_operators.html]
[www.w3schools.com/python/trypythonef43.html]
[www.w3schools.com/python/trypythondd44.html]
[www.w3schools.com/python/trypythonff44.html]
[www.w3schools.com/python/trypython2f6a.html]
[www.w3schools.com/python/trypython3f8d.html]
[www.w3schools.com/python/trypythonabc4.html]
[www.w3schools.com/python/trypython16fc.html]
[www.w3schools.com/python/xrcise_lists_access.js]
[www.w3schools.com/python/python_lists_access.html]
[www.w3schools.com/python/trypython2f46.html]
[www.w3schools.com/python/trypythond149.html]
[www.w3schools.com/python/trypython7714.html]
[www.w3schools.com/python/trypythond0ed.html]
[www.w3schools.com/python/trypython2517.html]
[www.w3schools.com/python/xrcise_lists_change.js]
[www.w3schools.com/python/python_lists_change.html]
[www.w3schools.com/python/trypython51dd.html]
[www.w3schools.com/python/trypython8ce5.html]
[www.w3schools.com/python/trypythonf946.html]
[www.w3schools.com/python/trypython1476.html]
[www.w3schools.com/python/xrcise_lists_add.js]
[www.w3schools.com/python/python_lists_add.html]
[www.w3schools.com/python/trypython8e8a.html]
[www.w3schools.com/python/trypython167d.html]
[www.w3schools.com/python/trypython7d47.html]
[www.w3schools.com/python/trypythonba9b.html]
[www.w3schools.com/python/trypython0cf6.html]
[www.w3schools.com/python/trypython480a.html]
[www.w3schools.com/python/trypythoned4c.html]
[www.w3schools.com/python/xrcise_lists_remove.js]
[www.w3schools.com/python/python_lists_remove.html]
[www.w3schools.com/python/trypython8abc.html]
[www.w3schools.com/python/trypython0974.html]
[www.w3schools.com/python/trypythonaa7f.html]
[www.w3schools.com/python/trypythonee1e.html]
[www.w3schools.com/python/xrcise_lists_loop.js]
[www.w3schools.com/python/python_lists_loop.html]
[www.w3schools.com/python/trypythonfd7a.html]
[www.w3schools.com/python/trypython5d04.html]
[www.w3schools.com/python/trypython96ba.html]
[www.w3schools.com/python/trypython8a46.html]
[www.w3schools.com/python/trypython3906.html]
[www.w3schools.com/python/trypythonec73.html]
[www.w3schools.com/python/trypythone969.html]
[www.w3schools.com/python/trypythonf060.html]
[www.w3schools.com/python/trypythonfe64.html]
[www.w3schools.com/python/xrcise_lists_comprehension.js]
[www.w3schools.com/python/python_lists_comprehension.html]
[www.w3schools.com/python/trypython45e1.html]
[www.w3schools.com/python/trypython6a0b.html]
[www.w3schools.com/python/trypython303f.html]
[www.w3schools.com/python/trypython1a04.html]
[www.w3schools.com/python/trypythonfa11.html]
[www.w3schools.com/python/trypython4588.html]
[www.w3schools.com/python/trypython0947.html]
[www.w3schools.com/python/trypythonbcdd.html]
[www.w3schools.com/python/xrcise_lists_sort.js]
[www.w3schools.com/python/python_lists_sort.html]
[www.w3schools.com/python/trypython4677.html]
[www.w3schools.com/python/trypythoncb41.html]
[www.w3schools.com/python/trypythonc180.html]
[www.w3schools.com/python/xrcise_lists_copy.js]
[www.w3schools.com/python/python_lists_copy.html]
[www.w3schools.com/python/trypythoncaba.html]
[www.w3schools.com/python/trypythonbe54.html]
[www.w3schools.com/python/trypython36b4.html]
[www.w3schools.com/python/xrcise_lists_join.js]
[www.w3schools.com/python/python_lists_join.html]
[www.w3schools.com/python/python_lists_methods.html]
[www.w3schools.com/python/python_lists_exercises.html]
[www.w3schools.com/python/trypythonb829.html]
[www.w3schools.com/python/trypython23bd.html]
[www.w3schools.com/python/trypythona069.html]
[www.w3schools.com/python/trypythonc914.html]
[www.w3schools.com/python/trypython8ef5.html]
[www.w3schools.com/python/trypython1007.html]
[www.w3schools.com/python/trypythonb187.html]
[www.w3schools.com/python/trypython91f7.html]
[www.w3schools.com/python/xrcise_tuples.js]
[www.w3schools.com/python/python_tuples.html]
[www.w3schools.com/python/trypythona5c1.html]
[www.w3schools.com/python/trypython2cfb.html]
[www.w3schools.com/python/trypython581f.html]
[www.w3schools.com/python/trypython9c67.html]
[www.w3schools.com/python/trypython64cf.html]
[www.w3schools.com/python/trypythonbf74.html]
[www.w3schools.com/python/trypythonf223.html]
[www.w3schools.com/python/xrcise_tuples_access.js]
[www.w3schools.com/python/python_tuples_access.html]
[www.w3schools.com/python/trypython0e95.html]
[www.w3schools.com/python/trypython87f8.html]
[www.w3schools.com/python/trypythona6df.html]
[www.w3schools.com/python/trypythonf632.html]
[www.w3schools.com/python/trypython5f54.html]
[www.w3schools.com/python/xrcise_tuples_update.js]
[www.w3schools.com/python/python_tuples_update.html]
[www.w3schools.com/python/trypythona6a0.html]
[www.w3schools.com/python/trypython4813.html]
[www.w3schools.com/python/trypython84d9.html]
[www.w3schools.com/python/trypython1c86.html]
[www.w3schools.com/python/xrcise_tuples_unpack.js]
[www.w3schools.com/python/python_tuples_unpack.html]
[www.w3schools.com/python/trypython7bfd.html]
[www.w3schools.com/python/trypythonb95e.html]
[www.w3schools.com/python/trypython85e8.html]
[www.w3schools.com/python/xrcise_tuples_loop.js]
[www.w3schools.com/python/python_tuples_loop.html]
[www.w3schools.com/python/trypythonb31a.html]
[www.w3schools.com/python/trypython4633.html]
[www.w3schools.com/python/xrcise_tuples_join.js]
[www.w3schools.com/python/python_tuples_join.html]
[www.w3schools.com/python/ref_tuple_count.html]
[www.w3schools.com/python/python_tuples_methods.html]
[www.w3schools.com/python/ref_tuple_index.html]
[www.w3schools.com/python/python_tuples_exercises.html]
[www.w3schools.com/python/trypythondee6.html]
[www.w3schools.com/python/trypythonff37.html]
[www.w3schools.com/python/trypythonb6c2.html]
[www.w3schools.com/python/trypython6dce.html]
[www.w3schools.com/python/trypythonef26.html]
[www.w3schools.com/python/trypythona947.html]
[www.w3schools.com/python/trypython9793.html]
[www.w3schools.com/python/trypythonc2cc.html]
[www.w3schools.com/python/trypython8b80.html]
[www.w3schools.com/python/xrcise_sets.js]
[www.w3schools.com/python/python_sets.html]
[www.w3schools.com/python/trypython4f1c.html]
[www.w3schools.com/python/trypythond0b9.html]
[www.w3schools.com/python/trypython5681.html]
[www.w3schools.com/python/xrcise_sets_access.js]
[www.w3schools.com/python/python_sets_access.html]
[www.w3schools.com/python/trypython4bd8.html]
[www.w3schools.com/python/trypythonc514.html]
[www.w3schools.com/python/trypythona4e5.html]
[www.w3schools.com/python/xrcise_sets_add.js]
[www.w3schools.com/python/python_sets_add.html]
[www.w3schools.com/python/trypython3f3b.html]
[www.w3schools.com/python/trypythonf640.html]
[www.w3schools.com/python/trypython8530.html]
[www.w3schools.com/python/trypythond4d1.html]
[www.w3schools.com/python/trypython9900.html]
[www.w3schools.com/python/xrcise_sets_remove.js]
[www.w3schools.com/python/python_sets_remove.html]
[www.w3schools.com/python/xrcise_sets_loop.js]
[www.w3schools.com/python/python_sets_loop.html]
[www.w3schools.com/python/trypython27cf.html]
[www.w3schools.com/python/trypythonb860.html]
[www.w3schools.com/python/trypython5ef0.html]
[www.w3schools.com/python/trypython9fc1.html]
[www.w3schools.com/python/trypython462d.html]
[www.w3schools.com/python/trypython4d13.html]
[www.w3schools.com/python/trypythonfbfd.html]
[www.w3schools.com/python/trypython18d3.html]
[www.w3schools.com/python/trypython2d94.html]
[www.w3schools.com/python/trypythonb90f.html]
[www.w3schools.com/python/trypython97c9.html]
[www.w3schools.com/python/trypythonb20c.html]
[www.w3schools.com/python/trypython5566.html]
[www.w3schools.com/python/trypythonf9a6.html]
[www.w3schools.com/python/trypythonecae.html]
[www.w3schools.com/python/trypython7818.html]
[www.w3schools.com/python/xrcise_sets_join.js]
[www.w3schools.com/python/python_sets_join.html]
[www.w3schools.com/python/ref_set_add.html]
[www.w3schools.com/python/ref_set_clear.html]
[www.w3schools.com/python/ref_set_copy.html]
[www.w3schools.com/python/ref_set_difference.html]
[www.w3schools.com/python/ref_set_discard.html]
[www.w3schools.com/python/ref_set_difference_update.html]
[www.w3schools.com/python/ref_set_intersection.html]
[www.w3schools.com/python/ref_set_intersection_update.html]
[www.w3schools.com/python/ref_set_isdisjoint.html]
[www.w3schools.com/python/ref_set_issubset.html]
[www.w3schools.com/python/ref_set_issuperset.html]
[www.w3schools.com/python/ref_set_pop.html]
[www.w3schools.com/python/ref_set_remove.html]
[www.w3schools.com/python/ref_set_symmetric_difference.html]
[www.w3schools.com/python/ref_set_symmetric_difference_update.html]
[www.w3schools.com/python/ref_set_union.html]
[www.w3schools.com/python/python_sets_methods.html]
[www.w3schools.com/python/ref_set_update.html]
[www.w3schools.com/python/python_sets_exercises.html]
[www.w3schools.com/python/trypython8e71.html]
[www.w3schools.com/python/trypythonb60c.html]
[www.w3schools.com/python/trypython003e.html]
[www.w3schools.com/python/trypythonf610.html]
[www.w3schools.com/python/trypython488e.html]
[www.w3schools.com/python/trypython20d7.html]
[www.w3schools.com/python/trypython486e.html]
[www.w3schools.com/python/xrcise_dictionaries.js]
[www.w3schools.com/python/python_dictionaries.html]
[www.w3schools.com/python/trypython1a6a.html]
[www.w3schools.com/python/trypython7c50.html]
[www.w3schools.com/python/trypythonb5e9.html]
[www.w3schools.com/python/trypython9307.html]
[www.w3schools.com/python/trypythona894.html]
[www.w3schools.com/python/trypythonb1fd.html]
[www.w3schools.com/python/trypython58a0.html]
[www.w3schools.com/python/trypython8979.html]
[www.w3schools.com/python/trypython8e62.html]
[www.w3schools.com/python/trypythoncfb1.html]
[www.w3schools.com/python/trypython27f6.html]
[www.w3schools.com/python/xrcise_dictionaries_access.js]
[www.w3schools.com/python/python_dictionaries_access.html]
[www.w3schools.com/python/trypython79b4.html]
[www.w3schools.com/python/trypython38c1.html]
[www.w3schools.com/python/xrcise_dictionaries_change.js]
[www.w3schools.com/python/python_dictionaries_change.html]
[www.w3schools.com/python/trypython7bff.html]
[www.w3schools.com/python/trypythona59c.html]
[www.w3schools.com/python/xrcise_dictionaries_add.js]
[www.w3schools.com/python/python_dictionaries_add.html]
[www.w3schools.com/python/trypythonbde5.html]
[www.w3schools.com/python/trypython8c1a.html]
[www.w3schools.com/python/trypython7876.html]
[www.w3schools.com/python/trypython78db.html]
[www.w3schools.com/python/trypython4206.html]
[www.w3schools.com/python/xrcise_dictionaries_remove.js]
[www.w3schools.com/python/python_dictionaries_remove.html]
[www.w3schools.com/python/trypythonb465.html]
[www.w3schools.com/python/trypythona01c.html]
[www.w3schools.com/python/trypython047a.html]
[www.w3schools.com/python/trypython258e.html]
[www.w3schools.com/python/trypython875a.html]
[www.w3schools.com/python/xrcise_dictionaries_loop.js]
[www.w3schools.com/python/python_dictionaries_loop.html]
[www.w3schools.com/python/trypythonb0c3.html]
[www.w3schools.com/python/trypython610e.html]
[www.w3schools.com/python/xrcise_dictionaries_copy.js]
[www.w3schools.com/python/python_dictionaries_copy.html]
[www.w3schools.com/python/trypython7df5.html]
[www.w3schools.com/python/trypython6e5b.html]
[www.w3schools.com/python/trypythonf37b.html]
[www.w3schools.com/python/trypythond7d9.html]
[www.w3schools.com/python/xrcise_dictionaries_nested.js]
[www.w3schools.com/python/python_dictionaries_nested.html]
[www.w3schools.com/python/ref_dictionary_clear.html]
[www.w3schools.com/python/ref_dictionary_copy.html]
[www.w3schools.com/python/ref_dictionary_get.html]
[www.w3schools.com/python/ref_dictionary_fromkeys.html]
[www.w3schools.com/python/ref_dictionary_items.html]
[www.w3schools.com/python/ref_dictionary_keys.html]
[www.w3schools.com/python/ref_dictionary_pop.html]
[www.w3schools.com/python/ref_dictionary_popitem.html]
[www.w3schools.com/python/ref_dictionary_setdefault.html]
[www.w3schools.com/python/ref_dictionary_update.html]
[www.w3schools.com/python/python_dictionaries_methods.html]
[www.w3schools.com/python/ref_dictionary_values.html]
[www.w3schools.com/python/python_dictionaries_exercises.html]
[www.w3schools.com/python/trypython3af5.html]
[www.w3schools.com/python/trypythone650.html]
[www.w3schools.com/python/trypython937e.html]
[www.w3schools.com/python/trypython0adb.html]
[www.w3schools.com/python/trypythonc321.html]
[www.w3schools.com/python/trypython2f4e.html]
[www.w3schools.com/python/trypython7336.html]
[www.w3schools.com/python/trypythonf77f.html]
[www.w3schools.com/python/trypython434b.html]
[www.w3schools.com/python/trypython8f59.html]
[www.w3schools.com/python/trypythona763.html]
[www.w3schools.com/python/trypythona8ea.html]
[www.w3schools.com/python/trypython1f4d.html]
[www.w3schools.com/python/xrcise_conditions.js]
[www.w3schools.com/python/python_conditions.html]
[www.w3schools.com/python/trypython386c.html]
[www.w3schools.com/python/trypython66af.html]
[www.w3schools.com/python/trypythonefc5.html]
[www.w3schools.com/python/trypythona9f3.html]
[www.w3schools.com/python/xrcise_while_loops.js]
[www.w3schools.com/python/python_while_loops.html]
[www.w3schools.com/python/trypythonc56b.html]
[www.w3schools.com/python/trypython434a.html]
[www.w3schools.com/python/trypython26c7.html]
[www.w3schools.com/python/trypython4c85.html]
[www.w3schools.com/python/trypythonb069.html]
[www.w3schools.com/python/trypythond447.html]
[www.w3schools.com/python/trypython2288.html]
[www.w3schools.com/python/trypython84cc.html]
[www.w3schools.com/python/trypythonab5d.html]
[www.w3schools.com/python/trypythonab01.html]
[www.w3schools.com/python/trypython1439.html]
[www.w3schools.com/python/xrcise_for_loops.js]
[www.w3schools.com/python/python_for_loops.html]
[www.w3schools.com/python/trypython2a16.html]
[www.w3schools.com/python/trypythonac12.html]
[www.w3schools.com/python/trypython5d91.html]
[www.w3schools.com/python/trypythond3d5.html]
[www.w3schools.com/python/trypythone582.html]
[www.w3schools.com/python/trypythonab9a.html]
[www.w3schools.com/python/trypython8df9.html]
[www.w3schools.com/python/trypython9f53.html]
[www.w3schools.com/python/trypython9902.html]
[www.w3schools.com/python/trypython7fa0.html]
[www.w3schools.com/python/trypython72e5.html]
[www.w3schools.com/python/trypython9fc2.html]
[www.w3schools.com/python/trypythond3cf.html]
[www.w3schools.com/python/trypythonc650.html]
[www.w3schools.com/python/trypython75ef.html]
[www.w3schools.com/python/trypythonb0c0.html]
[www.w3schools.com/python/trypythone2d2.html]
[www.w3schools.com/python/trypythonee3c.html]
[www.w3schools.com/python/trypython60b5.html]
[www.w3schools.com/python/xrcise_functions.js]
[www.w3schools.com/python/python_functions.html]
[www.w3schools.com/python/trypython5fd7.html]
[www.w3schools.com/python/trypython7dc7.html]
[www.w3schools.com/python/trypythoncb73.html]
[www.w3schools.com/python/trypython546b.html]
[www.w3schools.com/python/trypython92c0.html]
[www.w3schools.com/python/trypython07a8.html]
[www.w3schools.com/python/xrcise_lambda.js]
[www.w3schools.com/python/python_lambda.html]
[www.w3schools.com/python/trypythonb749.html]
[www.w3schools.com/python/trypythonbaf8.html]
[www.w3schools.com/python/trypython10f4.html]
[www.w3schools.com/python/trypython9550.html]
[www.w3schools.com/python/trypython6c53.html]
[www.w3schools.com/python/trypython6055.html]
[www.w3schools.com/python/trypython8709.html]
[www.w3schools.com/python/trypython87d8.html]
[www.w3schools.com/python/trypython3b7d.html]
[www.w3schools.com/python/trypython5f27.html]
[www.w3schools.com/python/trypython0c7c.html]
[www.w3schools.com/python/xrcise_classes.js]
[www.w3schools.com/python/python_classes.html]
[www.w3schools.com/python/trypython1f29.html]
[www.w3schools.com/python/trypython8fc1.html]
[www.w3schools.com/python/trypython8398.html]
[www.w3schools.com/python/trypythondf7b.html]
[www.w3schools.com/python/trypythoned2c.html]
[www.w3schools.com/python/trypythona9df.html]
[www.w3schools.com/python/trypython0de7.html]
[www.w3schools.com/python/xrcise_inheritance.js]
[www.w3schools.com/python/python_inheritance.html]
[www.w3schools.com/python/trypython5bb1.html]
[www.w3schools.com/python/trypython5615.html]
[www.w3schools.com/python/trypythond693.html]
[www.w3schools.com/python/trypython0ac2.html]
[www.w3schools.com/python/trypythoneea8.html]
[www.w3schools.com/python/xrcise_iterators.js]
[www.w3schools.com/python/trypython5efc.html]
[www.w3schools.com/python/python_iterators.html]
[www.w3schools.com/python/trypython4881.html]
[www.w3schools.com/python/trypython7531.html]
[www.w3schools.com/python/trypythone58d.html]
[www.w3schools.com/python/trypythonc8e5.html]
[www.w3schools.com/python/trypythondcbb.html]
[www.w3schools.com/python/xrcise_polymorphism.js]
[www.w3schools.com/python/python_polymorphism.html]
[www.w3schools.com/python/trypython5fef.html]
[www.w3schools.com/python/trypythoncfa1.html]
[www.w3schools.com/python/trypython296c.html]
[www.w3schools.com/python/trypython3e38.html]
[www.w3schools.com/python/trypython94cc.html]
[www.w3schools.com/python/trypython49e9.html]
[www.w3schools.com/python/trypython1d75.html]
[www.w3schools.com/python/xrcise_scope.js]
[www.w3schools.com/python/python_scope.html]
[www.w3schools.com/python/showpython9931.html]
[www.w3schools.com/python/showpythonff9e.html]
[www.w3schools.com/python/showpython8f47.html]
[www.w3schools.com/python/trypython887e.html]
[www.w3schools.com/python/trypython5b4f.html]
[www.w3schools.com/python/showpython9447.html]
[www.w3schools.com/python/xrcise_modules.js]
[www.w3schools.com/python/python_modules.html]
[www.w3schools.com/python/trypython3ec4.html]
[www.w3schools.com/python/trypython8266.html]
[www.w3schools.com/python/trypython7b09.html]
[www.w3schools.com/python/trypython38ee.html]
[www.w3schools.com/python/trypythonf158.html]
[www.w3schools.com/python/trypythond7be.html]
[www.w3schools.com/python/trypythonbf63.html]
[www.w3schools.com/python/trypythonbaaa.html]
[www.w3schools.com/python/trypython2be5.html]
[www.w3schools.com/python/trypythondf35.html]
[www.w3schools.com/python/trypython34aa.html]
[www.w3schools.com/python/trypython21cf.html]
[www.w3schools.com/python/trypython8657.html]
[www.w3schools.com/python/trypython6cfc.html]
[www.w3schools.com/python/trypythonf900.html]
[www.w3schools.com/python/trypython581f-2.html]
[www.w3schools.com/python/trypython470b.html]
[www.w3schools.com/python/trypythonc419.html]
[www.w3schools.com/python/trypythonccd2.html]
[www.w3schools.com/python/trypython5403.html]
[www.w3schools.com/python/trypython2f9f.html]
[www.w3schools.com/python/trypython0013.html]
[www.w3schools.com/python/trypythonac10.html]
[www.w3schools.com/python/trypythonf683.html]
[www.w3schools.com/python/trypython23a6.html]
[www.w3schools.com/python/trypython7af0.html]
[www.w3schools.com/python/trypython851e.html]
[www.w3schools.com/python/trypython301b.html]
[www.w3schools.com/python/trypythonddc5.html]
[www.w3schools.com/python/trypython62cf.html]
[www.w3schools.com/python/xrcise_dates.js]
[www.w3schools.com/python/python_datetime.html]
[www.w3schools.com/python/trypython7678.html]
[www.w3schools.com/python/trypythone746.html]
[www.w3schools.com/python/trypython94ae.html]
[www.w3schools.com/python/trypython7154.html]
[www.w3schools.com/python/trypythond2c9.html]
[www.w3schools.com/python/trypythonfa30.html]
[www.w3schools.com/python/xrcise_math.js]
[www.w3schools.com/python/python_math.html]
[www.w3schools.com/python/trypythonfcca.html]
[www.w3schools.com/python/trypythonf1b2.html]
[www.w3schools.com/python/trypythond3f8.html]
[www.w3schools.com/python/trypython9bf0.html]
[www.w3schools.com/python/trypython49cd.html]
[www.w3schools.com/python/trypython591c.html]
[www.w3schools.com/python/trypythonc370.html]
[www.w3schools.com/python/xrcise_json.js]
[www.w3schools.com/python/python_json.html]
[www.w3schools.com/python/trypythoneca9.html]
[www.w3schools.com/python/trypythoncb9d.html]
[www.w3schools.com/python/trypythondc71.html]
[www.w3schools.com/python/trypythone5c5.html]
[www.w3schools.com/python/trypython99b3.html]
[www.w3schools.com/python/trypython3d24.html]
[www.w3schools.com/python/trypythone584.html]
[www.w3schools.com/python/trypythond4f5.html]
[www.w3schools.com/python/trypython7646.html]
[www.w3schools.com/python/trypython5b50.html]
[www.w3schools.com/python/trypython4f94.html]
[www.w3schools.com/python/trypythonad04.html]
[www.w3schools.com/python/trypythonb50a.html]
[www.w3schools.com/python/trypythonb6e3.html]
[www.w3schools.com/python/trypython00c7.html]
[www.w3schools.com/python/trypythona44c.html]
[www.w3schools.com/python/trypython3449.html]
[www.w3schools.com/python/trypython45d5.html]
[www.w3schools.com/python/trypython1898.html]
[www.w3schools.com/python/trypythoneb28.html]
[www.w3schools.com/python/trypython087d.html]
[www.w3schools.com/python/trypython9b06.html]
[www.w3schools.com/python/trypythonac62.html]
[www.w3schools.com/python/trypython6843.html]
[www.w3schools.com/python/trypython1fad.html]
[www.w3schools.com/python/trypythone671.html]
[www.w3schools.com/python/trypython4240.html]
[www.w3schools.com/python/trypythond3e0.html]
[www.w3schools.com/python/trypython299b.html]
[www.w3schools.com/python/trypythoncf21.html]
[www.w3schools.com/python/trypython7672.html]
[www.w3schools.com/python/trypythonaf9a.html]
[www.w3schools.com/python/trypythond860.html]
[www.w3schools.com/python/trypython7416.html]
[www.w3schools.com/python/trypythonc2a9.html]
[www.w3schools.com/python/trypython0a35.html]
[www.w3schools.com/python/trypython7fcd.html]
[www.w3schools.com/python/trypython6842.html]
[www.w3schools.com/python/trypython7f33.html]
[www.w3schools.com/python/trypythonfccf.html]
[www.w3schools.com/python/trypython596a.html]
[www.w3schools.com/python/trypython23b0.html]
[www.w3schools.com/python/trypythonfaf5.html]
[www.w3schools.com/python/xrcise_regex.js]
[www.w3schools.com/python/python_regex.html]
[www.w3schools.com/python/showpython0347.html]
[www.w3schools.com/python/xrcise_pip.js]
[www.w3schools.com/python/python_pip.html]
[www.w3schools.com/python/trypythonb8a4.html]
[www.w3schools.com/python/trypython4391.html]
[www.w3schools.com/python/trypythonf5ff.html]
[www.w3schools.com/python/trypythonaeb6.html]
[www.w3schools.com/python/trypython9ee3.html]
[www.w3schools.com/python/showpython61b0.html]
[www.w3schools.com/python/trypython2db0.html]
[www.w3schools.com/python/trypython71d7.html]
[www.w3schools.com/python/xrcise_try_except.js]
[www.w3schools.com/python/python_try_except.html]
[www.w3schools.com/python/showpython6209.html]
[www.w3schools.com/python/showpythonfc5e.html]
[www.w3schools.com/python/xrcise_user_input.js]
[www.w3schools.com/python/python_user_input.html]
[www.w3schools.com/python/trypython4f19.html]
[www.w3schools.com/python/trypython5e71.html]
[www.w3schools.com/python/trypythonecce.html]
[www.w3schools.com/python/trypython31f0.html]
[www.w3schools.com/python/trypython3eac.html]
[www.w3schools.com/python/trypythond956-2.html]
[www.w3schools.com/python/trypython51bf.html]
[www.w3schools.com/python/trypython56c5.html]
[www.w3schools.com/python/trypython8208.html]
[www.w3schools.com/python/trypython50e1.html]
[www.w3schools.com/python/trypython28c5.html]
[www.w3schools.com/python/trypython8cec.html]
[www.w3schools.com/python/trypython8e35.html]
[www.w3schools.com/python/trypython71a1.html]
[www.w3schools.com/python/trypython7eb2.html]
[www.w3schools.com/python/trypython1c33.html]
[www.w3schools.com/python/trypython0296.html]
[www.w3schools.com/python/trypython191d.html]
[www.w3schools.com/python/trypythonc4c8.html]
[www.w3schools.com/python/trypythonc432.html]
[www.w3schools.com/python/trypython2854.html]
[www.w3schools.com/python/trypythonc536.html]
[www.w3schools.com/python/trypython0a21.html]
[www.w3schools.com/python/trypython5ae6.html]
[www.w3schools.com/python/trypython3c9c.html]
[www.w3schools.com/python/trypython6327.html]
[www.w3schools.com/python/trypython1781.html]
[www.w3schools.com/python/trypython2927.html]
[www.w3schools.com/python/trypython5d53.html]
[www.w3schools.com/python/trypython4a83.html]
[www.w3schools.com/python/trypython3c3b.html]
[www.w3schools.com/python/trypython31b3.html]
[www.w3schools.com/python/xrcise_string_formatting.js]
[www.w3schools.com/python/python_string_formatting.html]
[www.w3schools.com/python/xrcise_file_handling.js]
[www.w3schools.com/python/python_file_handling.html]
[www.w3schools.com/python/showpython012f.html]
[www.w3schools.com/python/showpythonac1a.html]
[www.w3schools.com/python/showpythoned31.html]
[www.w3schools.com/python/showpythonffce.html]
[www.w3schools.com/python/showpython73ff.html]
[www.w3schools.com/python/showpythonc8c6.html]
[www.w3schools.com/python/showpython796d.html]
[www.w3schools.com/python/xrcise_file_open.js]
[www.w3schools.com/python/python_file_open.html]
[www.w3schools.com/python/showpythonac7b.html]
[www.w3schools.com/python/showpython39c4.html]
[www.w3schools.com/python/xrcise_file_write.js]
[www.w3schools.com/python/python_file_write.html]
[www.w3schools.com/python/xrcise_file_remove.js]
[www.w3schools.com/python/python_file_remove.html]
[www.w3schools.com/python/trypython0e91.html]
[www.w3schools.com/python/matplotlib_getting_started.html]
[www.w3schools.com/python/img_matplotlib_pyplot.png]
[www.w3schools.com/python/trypython2190.html]
[www.w3schools.com/python/matplotlib_pyplot.html]
[www.w3schools.com/python/img_matplotlib_plotting1.png]
[www.w3schools.com/python/trypython12e7.html]
[www.w3schools.com/python/img_matplotlib_plot_o.png]
[www.w3schools.com/python/trypythonb3b9.html]
[www.w3schools.com/python/img_matplotlib_plotting2.png]
[www.w3schools.com/python/trypythond44d.html]
[www.w3schools.com/python/img_matplotlib_plotting4.png]
[www.w3schools.com/python/trypython1c8b.html]
[www.w3schools.com/python/matplotlib_plotting.html]
[www.w3schools.com/python/img_matplotlib_marker_o.png]
[www.w3schools.com/python/trypython60f9.html]
[www.w3schools.com/python/img_matplotlib_marker_star.png]
[www.w3schools.com/python/trypython0579.html]
[www.w3schools.com/python/trypython7fda.html]
[www.w3schools.com/python/trypython6b75.html]
[www.w3schools.com/python/trypythone065.html]
[www.w3schools.com/python/trypython6714.html]
[www.w3schools.com/python/trypythonb032.html]
[www.w3schools.com/python/trypython3e4e.html]
[www.w3schools.com/python/trypythone2b4.html]
[www.w3schools.com/python/trypython461a.html]
[www.w3schools.com/python/trypython5962.html]
[www.w3schools.com/python/trypython61f1.html]
[www.w3schools.com/python/trypython55d9.html]
[www.w3schools.com/python/trypythoned0e.html]
[www.w3schools.com/python/trypython3a5b.html]
[www.w3schools.com/python/trypythonff15.html]
[www.w3schools.com/python/trypythonfd65.html]
[www.w3schools.com/python/trypython449d.html]
[www.w3schools.com/python/trypython880c.html]
[www.w3schools.com/python/trypythone986.html]
[www.w3schools.com/python/trypython4e47.html]
[www.w3schools.com/python/trypython50da.html]
[www.w3schools.com/python/trypython9448.html]
[www.w3schools.com/python/trypythona0cf.html]
[www.w3schools.com/python/trypython37dc.html]
[www.w3schools.com/python/trypython2643.html]
[www.w3schools.com/python/img_matplotlib_marker_fmt1.png]
[www.w3schools.com/python/trypythonb624.html]
[www.w3schools.com/python/trypythonc337.html]
[www.w3schools.com/python/trypythone344.html]
[www.w3schools.com/python/trypython8753.html]
[www.w3schools.com/python/trypythonefaf.html]
[www.w3schools.com/python/trypythonbf40.html]
[www.w3schools.com/python/trypythonf6b3.html]
[www.w3schools.com/python/trypythonb935.html]
[www.w3schools.com/python/trypythonef17.html]
[www.w3schools.com/python/trypython2693.html]
[www.w3schools.com/python/trypython76bd.html]
[www.w3schools.com/python/trypython6ad2.html]
[www.w3schools.com/python/trypythonfc36.html]
[www.w3schools.com/python/img_matplotlib_marker_o_20.png]
[www.w3schools.com/python/trypythonedb0.html]
[www.w3schools.com/python/img_matplotlib_marker_o_mec.png]
[www.w3schools.com/python/trypython34b4.html]
[www.w3schools.com/python/img_matplotlib_marker_o_mfc.png]
[www.w3schools.com/python/trypythone34c.html]
[www.w3schools.com/python/img_matplotlib_marker_o_mec_mfc.png]
[www.w3schools.com/python/trypython2f32.html]
[www.w3schools.com/python/img_matplotlib_marker_o_hex.png]
[www.w3schools.com/python/trypythonba0c.html]
[www.w3schools.com/python/img_matplotlib_marker_hotpink.png]
[www.w3schools.com/python/matplotlib_markers.html]
[www.w3schools.com/python/trypython6e28.html]
[www.w3schools.com/python/img_matplotlib_line_dotted.png]
[www.w3schools.com/python/trypythonb9a9.html]
[www.w3schools.com/python/img_matplotlib_line_dashed.png]
[www.w3schools.com/python/trypython684c.html]
[www.w3schools.com/python/trypython8f3d.html]
[www.w3schools.com/python/trypython378f.html]
[www.w3schools.com/python/trypython6e2a.html]
[www.w3schools.com/python/trypython1900.html]
[www.w3schools.com/python/trypythonc7e6.html]
[www.w3schools.com/python/trypythona585.html]
[www.w3schools.com/python/img_matplotlib_line_red.png]
[www.w3schools.com/python/trypython1b3d.html]
[www.w3schools.com/python/img_matplotlib_line_hex.png]
[www.w3schools.com/python/trypython410f.html]
[www.w3schools.com/python/img_matplotlib_line_hotpink.png]
[www.w3schools.com/python/trypythonecd8.html]
[www.w3schools.com/python/img_matplotlib_line_lw.png]
[www.w3schools.com/python/trypythond3ff.html]
[www.w3schools.com/python/img_matplotlib_line_two.png]
[www.w3schools.com/python/trypythonc941.html]
[www.w3schools.com/python/trypython458b.html]
[www.w3schools.com/python/matplotlib_line.html]
[www.w3schools.com/python/img_matplotlib_labels.png]
[www.w3schools.com/python/trypythona475.html]
[www.w3schools.com/python/img_matplotlib_title.png]
[www.w3schools.com/python/trypythonbc0b.html]
[www.w3schools.com/python/img_matplotlib_title_fontdict.png]
[www.w3schools.com/python/trypython389a.html]
[www.w3schools.com/python/img_matplotlib_title_loc.png]
[www.w3schools.com/python/trypythonf0c0.html]
[www.w3schools.com/python/matplotlib_labels.html]
[www.w3schools.com/python/img_matplotlib_grid.png]
[www.w3schools.com/python/trypython93fd.html]
[www.w3schools.com/python/img_matplotlib_grid_axisx.png]
[www.w3schools.com/python/trypythond454.html]
[www.w3schools.com/python/img_matplotlib_grid_axisy.png]
[www.w3schools.com/python/trypythona7c1.html]
[www.w3schools.com/python/img_matplotlib_grid_kwargs.png]
[www.w3schools.com/python/matplotlib_grid.html]
[www.w3schools.com/python/trypython1625.html]
[www.w3schools.com/python/img_matplotlib_subplots1.png]
[www.w3schools.com/python/trypython2834.html]
[www.w3schools.com/python/img_matplotlib_subplots2.png]
[www.w3schools.com/python/trypython6741.html]
[www.w3schools.com/python/img_matplotlib_subplots3.png]
[www.w3schools.com/python/trypython8054.html]
[www.w3schools.com/python/img_matplotlib_subplots4.png]
[www.w3schools.com/python/trypythondf4a.html]
[www.w3schools.com/python/img_matplotlib_subplots5.png]
[www.w3schools.com/python/trypythonb942.html]
[www.w3schools.com/python/matplotlib_subplot.html]
[www.w3schools.com/python/img_matplotlib_scatter.png]
[www.w3schools.com/python/trypythonfc58.html]
[www.w3schools.com/python/img_matplotlib_scatter_compare.png]
[www.w3schools.com/python/trypython31a4.html]
[www.w3schools.com/python/img_matplotlib_scatter_color.png]
[www.w3schools.com/python/trypythonccb0.html]
[www.w3schools.com/python/img_matplotlib_scatter_colors2.png]
[www.w3schools.com/python/trypythonb22c.html]
[www.w3schools.com/python/img_colorbar.png]
[www.w3schools.com/python/img_matplotlib_scatter_colormap1.png]
[www.w3schools.com/python/trypython2a4d.html]
[www.w3schools.com/python/img_matplotlib_scatter_colormap2.png]
[www.w3schools.com/python/trypythona700.html]
[www.w3schools.com/python/trypython28a3.html]
[www.w3schools.com/python/trypythona46d.html]
[www.w3schools.com/python/trypython3ad8.html]
[www.w3schools.com/python/trypython5ee4.html]
[www.w3schools.com/python/trypython390e.html]
[www.w3schools.com/python/trypython74a1.html]
[www.w3schools.com/python/trypython5add.html]
[www.w3schools.com/python/trypython071a.html]
[www.w3schools.com/python/trypythond19c.html]
[www.w3schools.com/python/trypythonb092.html]
[www.w3schools.com/python/trypython5cc6.html]
[www.w3schools.com/python/trypythonc7b1.html]
[www.w3schools.com/python/trypython303b.html]
[www.w3schools.com/python/trypythonf8f3.html]
[www.w3schools.com/python/trypython101b.html]
[www.w3schools.com/python/trypythone94a.html]
[www.w3schools.com/python/trypython232d.html]
[www.w3schools.com/python/trypython4ae7.html]
[www.w3schools.com/python/trypython0f7e.html]
[www.w3schools.com/python/trypython995e.html]
[www.w3schools.com/python/trypython471e.html]
[www.w3schools.com/python/trypython5809.html]
[www.w3schools.com/python/trypython81bc.html]
[www.w3schools.com/python/trypython224b.html]
[www.w3schools.com/python/trypython5df2.html]
[www.w3schools.com/python/trypython18ce.html]
[www.w3schools.com/python/trypython04dd.html]
[www.w3schools.com/python/trypythonc0dc.html]
[www.w3schools.com/python/trypythoncd66.html]
[www.w3schools.com/python/trypythond5f5.html]
[www.w3schools.com/python/trypython2c0c.html]
[www.w3schools.com/python/trypythona8be.html]
[www.w3schools.com/python/trypython4016.html]
[www.w3schools.com/python/trypython8782.html]
[www.w3schools.com/python/trypython5cf8.html]
[www.w3schools.com/python/trypython7885.html]
[www.w3schools.com/python/trypythond7fd.html]
[www.w3schools.com/python/trypython0905.html]
[www.w3schools.com/python/trypython4efc.html]
[www.w3schools.com/python/trypython8def.html]
[www.w3schools.com/python/trypythonae9f.html]
[www.w3schools.com/python/trypython4b88.html]
[www.w3schools.com/python/trypython23b7.html]
[www.w3schools.com/python/trypython25ae.html]
[www.w3schools.com/python/trypythone90a.html]
[www.w3schools.com/python/trypython9874.html]
[www.w3schools.com/python/trypython719d.html]
[www.w3schools.com/python/trypython941b.html]
[www.w3schools.com/python/trypython02a7.html]
[www.w3schools.com/python/trypythonf05e.html]
[www.w3schools.com/python/trypython516b.html]
[www.w3schools.com/python/trypythona95b.html]
[www.w3schools.com/python/trypython85eb.html]
[www.w3schools.com/python/trypython8981.html]
[www.w3schools.com/python/trypython3302.html]
[www.w3schools.com/python/trypythond168.html]
[www.w3schools.com/python/trypython87fd.html]
[www.w3schools.com/python/trypython7279.html]
[www.w3schools.com/python/trypython0b55.html]
[www.w3schools.com/python/trypythonf471.html]
[www.w3schools.com/python/trypython3580.html]
[www.w3schools.com/python/trypython0a7f.html]
[www.w3schools.com/python/trypythondad5.html]
[www.w3schools.com/python/trypython1053.html]
[www.w3schools.com/python/trypythond923.html]
[www.w3schools.com/python/trypython7664.html]
[www.w3schools.com/python/trypythonb590.html]
[www.w3schools.com/python/trypythonf363.html]
[www.w3schools.com/python/trypython1772.html]
[www.w3schools.com/python/trypythonbab5.html]
[www.w3schools.com/python/trypythona554.html]
[www.w3schools.com/python/trypythonce21.html]
[www.w3schools.com/python/trypython5cfe.html]
[www.w3schools.com/python/trypython0406.html]
[www.w3schools.com/python/trypython933b.html]
[www.w3schools.com/python/trypython45ad.html]
[www.w3schools.com/python/trypythond248.html]
[www.w3schools.com/python/trypythond704.html]
[www.w3schools.com/python/trypythonfb62.html]
[www.w3schools.com/python/trypythone4da.html]
[www.w3schools.com/python/trypythond9b1.html]
[www.w3schools.com/python/trypythonbdd8.html]
[www.w3schools.com/python/trypython0d03.html]
[www.w3schools.com/python/trypythonbb95.html]
[www.w3schools.com/python/trypython9e47.html]
[www.w3schools.com/python/trypython6a15.html]
[www.w3schools.com/python/trypython791a.html]
[www.w3schools.com/python/trypythonc5ec.html]
[www.w3schools.com/python/trypython53ad.html]
[www.w3schools.com/python/trypython5116.html]
[www.w3schools.com/python/trypythonb02a.html]
[www.w3schools.com/python/trypython6512.html]
[www.w3schools.com/python/trypythone276.html]
[www.w3schools.com/python/trypython4cdb.html]
[www.w3schools.com/python/trypython1aff.html]
[www.w3schools.com/python/trypythonabad.html]
[www.w3schools.com/python/trypython1f21.html]
[www.w3schools.com/python/trypythone98e.html]
[www.w3schools.com/python/trypython1feb.html]
[www.w3schools.com/python/trypythondca0.html]
[www.w3schools.com/python/trypython0b3d.html]
[www.w3schools.com/python/trypython9f79.html]
[www.w3schools.com/python/trypythonf26b.html]
[www.w3schools.com/python/trypython74b6.html]
[www.w3schools.com/python/trypython9c6b.html]
[www.w3schools.com/python/trypythond3b0.html]
[www.w3schools.com/python/trypython788b.html]
[www.w3schools.com/python/trypython7668.html]
[www.w3schools.com/python/trypython7e7c.html]
[www.w3schools.com/python/trypython384e.html]
[www.w3schools.com/python/trypython0d4c.html]
[www.w3schools.com/python/trypythonce9a.html]
[www.w3schools.com/python/trypythone02d.html]
[www.w3schools.com/python/trypython40ad.html]
[www.w3schools.com/python/trypython220d.html]
[www.w3schools.com/python/trypython1a42.html]
[www.w3schools.com/python/trypythona907.html]
[www.w3schools.com/python/trypython8251.html]
[www.w3schools.com/python/trypython0cf4.html]
[www.w3schools.com/python/trypython40be.html]
[www.w3schools.com/python/trypython1224.html]
[www.w3schools.com/python/trypythonfa8b.html]
[www.w3schools.com/python/trypythonffd8.html]
[www.w3schools.com/python/trypython7b3d.html]
[www.w3schools.com/python/trypython3beb.html]
[www.w3schools.com/python/trypythonc8c9.html]
[www.w3schools.com/python/trypython0a16.html]
[www.w3schools.com/python/trypythonf278.html]
[www.w3schools.com/python/trypythoncd3a.html]
[www.w3schools.com/python/trypython3e9e.html]
[www.w3schools.com/python/trypython8ac9.html]
[www.w3schools.com/python/trypythonb14d.html]
[www.w3schools.com/python/trypython8502.html]
[www.w3schools.com/python/trypython6706.html]
[www.w3schools.com/python/trypython2be5-2.html]
[www.w3schools.com/python/trypython84db.html]
[www.w3schools.com/python/trypython4d51.html]
[www.w3schools.com/python/trypythonaa86.html]
[www.w3schools.com/python/trypythond7c5.html]
[www.w3schools.com/python/trypython472e.html]
[www.w3schools.com/python/trypython6738.html]
[www.w3schools.com/python/trypythone79d.html]
[www.w3schools.com/python/trypythonf409.html]
[www.w3schools.com/python/trypythonaf4b.html]
[www.w3schools.com/python/trypythond8c1.html]
[www.w3schools.com/python/trypython5ad6.html]
[www.w3schools.com/python/trypython1bef.html]
[www.w3schools.com/python/trypython1a32.html]
[www.w3schools.com/python/trypythonfeaf.html]
[www.w3schools.com/python/trypython5e33.html]
[www.w3schools.com/python/trypython8264.html]
[www.w3schools.com/python/trypython600e.html]
[www.w3schools.com/python/trypythona75b.html]
[www.w3schools.com/python/trypythoncbba.html]
[www.w3schools.com/python/trypython221d.html]
[www.w3schools.com/python/trypython5465.html]
[www.w3schools.com/python/trypythonec8b.html]
[www.w3schools.com/python/trypython26cd.html]
[www.w3schools.com/python/trypython7a1d.html]
[www.w3schools.com/python/trypython1452.html]
[www.w3schools.com/python/trypython1ecc.html]
[www.w3schools.com/python/trypythonc4db.html]
[www.w3schools.com/python/trypython72f3.html]
[www.w3schools.com/python/trypythona9a2.html]
[www.w3schools.com/python/img_matplotlib_scatter_size.png]
[www.w3schools.com/python/trypython9444.html]
[www.w3schools.com/python/img_matplotlib_scatter_alpha.png]
[www.w3schools.com/python/trypython3ba3.html]
[www.w3schools.com/python/img_matplotlib_scatter_combine.png]
[www.w3schools.com/python/matplotlib_scatter.html]
[www.w3schools.com/python/trypythonf394.html]
[www.w3schools.com/python/img_matplotlib_bars1.png]
[www.w3schools.com/python/trypython543c.html]
[www.w3schools.com/python/trypythonff38.html]
[www.w3schools.com/python/img_matplotlib_bars2.png]
[www.w3schools.com/python/trypython7f28.html]
[www.w3schools.com/python/img_matplotlib_bars_red.png]
[www.w3schools.com/python/trypython8a3b.html]
[www.w3schools.com/python/img_matplotlib_bars_hotpink.png]
[www.w3schools.com/python/trypython3ca3.html]
[www.w3schools.com/python/img_matplotlib_bars_green.png]
[www.w3schools.com/python/trypython5191.html]
[www.w3schools.com/python/img_matplotlib_bars_thin.png]
[www.w3schools.com/python/trypythonf26a.html]
[www.w3schools.com/python/img_matplotlib_barh_height.png]
[www.w3schools.com/python/matplotlib_bars.html]
[www.w3schools.com/python/trypython04a2.html]
[www.w3schools.com/python/img_matplotlib_histogram1.png]
[www.w3schools.com/python/trypython2f2b.html]
[www.w3schools.com/python/trypythond307.html]
[www.w3schools.com/python/matplotlib_histograms.html]
[www.w3schools.com/python/img_matplotlib_pie1.png]
[www.w3schools.com/python/trypythona5f7.html]
[www.w3schools.com/python/img_matplotlib_pie_start.png]
[www.w3schools.com/python/img_matplotlib_pie_labels.png]
[www.w3schools.com/python/trypython414a.html]
[www.w3schools.com/python/img_matplotlib_pie_angles.png]
[www.w3schools.com/python/img_matplotlib_pie_angle_90.png]
[www.w3schools.com/python/trypython075e.html]
[www.w3schools.com/python/img_matplotlib_pie_explode.png]
[www.w3schools.com/python/trypython034d.html]
[www.w3schools.com/python/img_matplotlib_pie_shadow.png]
[www.w3schools.com/python/trypythone7e6.html]
[www.w3schools.com/python/img_matplotlib_pie_color.png]
[www.w3schools.com/python/trypython8587-2.html]
[www.w3schools.com/python/img_matplotlib_pie_legend.png]
[www.w3schools.com/python/trypythonf38f.html]
[www.w3schools.com/python/img_matplotlib_pie_legend_title.png]
[www.w3schools.com/python/trypythonf7eb.html]
[www.w3schools.com/python/matplotlib_pie_charts.html]
[www.w3schools.com/python/trypythoncf4d.html]
[www.w3schools.com/python/trypythonfe9f.html]
[www.w3schools.com/python/trypython4b28.html]
[www.w3schools.com/python/python_ml_mean_median_mode.html]
[www.w3schools.com/python/trypython1bbd.html]
[www.w3schools.com/python/trypython0748.html]
[www.w3schools.com/python/trypython8bdf.html]
[www.w3schools.com/python/img_guided_coursera.png]
[www.w3schools.com/python/trypython5631.html]
[www.w3schools.com/python/python_ml_standard_deviation.html]
[www.w3schools.com/python/trypython1067.html]
[www.w3schools.com/python/trypython043c.html]
[www.w3schools.com/python/python_ml_percentile.html]
[www.w3schools.com/python/trypythonb3ca.html]
[www.w3schools.com/python/img_numpy_uniform3.png]
[www.w3schools.com/python/trypythonb1c7.html]
[www.w3schools.com/python/trypythonb01c.html]
[www.w3schools.com/python/python_ml_data_distribution.html]
[www.w3schools.com/python/img_numpy_normal.png]
[www.w3schools.com/python/trypython46c7.html]
[www.w3schools.com/python/python_ml_normal_data_distribution.html]
[www.w3schools.com/python/img_scatterplot.png]
[www.w3schools.com/python/trypython86a4.html]
[www.w3schools.com/python/img_matplotlib_scatter_1000.png]
[www.w3schools.com/python/trypythonf425.html]
[www.w3schools.com/python/python_ml_scatterplot.html]
[www.w3schools.com/python/img_linear_regression.png]
[www.w3schools.com/python/trypython4442.html]
[www.w3schools.com/python/trypython8010.html]
[www.w3schools.com/python/trypython64e6.html]
[www.w3schools.com/python/img_linear_regression2.png]
[www.w3schools.com/python/img_linear_regression_badfit.png]
[www.w3schools.com/python/trypythonade9.html]
[www.w3schools.com/python/trypythonb5b0.html]
[www.w3schools.com/python/python_ml_linear_regression.html]
[www.w3schools.com/python/img_polynomial_regression.png]
[www.w3schools.com/python/img_polynomial_scatter.png]
[www.w3schools.com/python/trypython58f4.html]
[www.w3schools.com/python/trypythonec53.html]
[www.w3schools.com/python/trypython4019.html]
[www.w3schools.com/python/trypython5696.html]
[www.w3schools.com/python/img_polynomial_prediction.png]
[www.w3schools.com/python/img_polynomial_badfit.png]
[www.w3schools.com/python/trypython8a45.html]
[www.w3schools.com/python/python_ml_polynomial_regression.html]
[www.w3schools.com/python/trypython030f.html]
[www.w3schools.com/python/data.csv]
[www.w3schools.com/python/trypandasd856.html]
[www.w3schools.com/python/trypandas4647.html]
[www.w3schools.com/python/python_ml_multiple_regression.html]
[www.w3schools.com/python/python_ml_scale.html]
[www.w3schools.com/python/python_ml_train_test.html]
[www.w3schools.com/python/python_ml_decision_tree.html]
[www.w3schools.com/python/python_ml_confusion_matrix.html]
[www.w3schools.com/python/python_ml_hierarchial_clustering.html]
[www.w3schools.com/python/python_ml_logistic_regression.html]
[www.w3schools.com/python/python_ml_grid_search.html]
[www.w3schools.com/python/python_ml_preprocessing.html]
[www.w3schools.com/python/python_ml_k-means.html]
[www.w3schools.com/python/python_ml_bagging.html]
[www.w3schools.com/python/python_ml_cross_validation.html]
[www.w3schools.com/python/python_ml_auc_roc.html]
[www.w3schools.com/python/python_ml_knn.html]
[www.w3schools.com/python/python_mysql_getstarted.html]
[www.w3schools.com/python/python_mysql_create_db.html]
[www.w3schools.com/python/python_mysql_create_table.html]
[www.w3schools.com/python/python_mysql_insert.html]
[www.w3schools.com/python/python_mysql_select.html]
[www.w3schools.com/python/python_mysql_where.html]
[www.w3schools.com/python/python_mysql_orderby.html]
[www.w3schools.com/python/python_mysql_delete.html]
[www.w3schools.com/python/python_mysql_drop_table.html]
[www.w3schools.com/python/python_mysql_update.html]
[www.w3schools.com/python/python_mysql_limit.html]
[www.w3schools.com/python/python_mysql_join.html]
[www.w3schools.com/python/python_mongodb_getstarted.html]
[www.w3schools.com/python/python_mongodb_create_db.html]
[www.w3schools.com/python/python_mongodb_create_collection.html]
[www.w3schools.com/python/python_mongodb_insert.html]
[www.w3schools.com/python/python_mongodb_find.html]
[www.w3schools.com/python/python_mongodb_query.html]
[www.w3schools.com/python/python_mongodb_sort.html]
[www.w3schools.com/python/python_mongodb_delete.html]
[www.w3schools.com/python/python_mongodb_drop_collection.html]
[www.w3schools.com/python/python_mongodb_update.html]
[www.w3schools.com/python/python_mongodb_limit.html]
[www.w3schools.com/python/python_ref_functions.html]
[www.w3schools.com/python/python_ref_string.html]
